<?xml version="1.0" encoding="UTF-8" ?>
<testsuite tests="74" failures="1" name="Unipupil.UniMavenTests.BuyCourseAdditionalFeesFirefoxTest" time="342.332" errors="0" skipped="3">
  <properties>
    <property name="java.runtime.name" value="Java(TM) SE Runtime Environment"/>
    <property name="sun.boot.library.path" value="C:\Program Files\Java\jdk1.8.0_45\jre\bin"/>
    <property name="java.vm.version" value="25.45-b02"/>
    <property name="java.vm.vendor" value="Oracle Corporation"/>
    <property name="java.vendor.url" value="http://java.oracle.com/"/>
    <property name="path.separator" value=";"/>
    <property name="guice.disable.misplaced.annotation.check" value="true"/>
    <property name="java.vm.name" value="Java HotSpot(TM) 64-Bit Server VM"/>
    <property name="file.encoding.pkg" value="sun.io"/>
    <property name="user.script" value=""/>
    <property name="user.country" value="GB"/>
    <property name="sun.java.launcher" value="SUN_STANDARD"/>
    <property name="sun.os.patch.level" value="Service Pack 1"/>
    <property name="java.vm.specification.name" value="Java Virtual Machine Specification"/>
    <property name="user.dir" value="C:\UnipupilWorkspace\UniMavenTests"/>
    <property name="java.runtime.version" value="1.8.0_45-b15"/>
    <property name="java.awt.graphicsenv" value="sun.awt.Win32GraphicsEnvironment"/>
    <property name="java.endorsed.dirs" value="C:\Program Files\Java\jdk1.8.0_45\jre\lib\endorsed"/>
    <property name="os.arch" value="amd64"/>
    <property name="java.io.tmpdir" value="C:\Users\Owner\AppData\Local\Temp\"/>
    <property name="line.separator" value="
"/>
    <property name="java.vm.specification.vendor" value="Oracle Corporation"/>
    <property name="user.variant" value=""/>
    <property name="os.name" value="Windows 7"/>
    <property name="classworlds.conf" value="C:\UnipupilWorkspace\.metadata\.plugins\org.eclipse.m2e.launching\launches\m2conf5939103849127334648.tmp"/>
    <property name="sun.jnu.encoding" value="Cp1252"/>
    <property name="java.library.path" value="C:\Program Files\Java\jdk1.8.0_45\bin;C:\Windows\Sun\Java\bin;C:\Windows\system32;C:\Windows;C:/Program Files/Java/jre1.8.0_45/bin/server;C:/Program Files/Java/jre1.8.0_45/bin;C:/Program Files/Java/jre1.8.0_45/lib/amd64;C:\ProgramData\Oracle\Java\javapath;C:\Windows\system32;C:\Windows;C:\Windows\System32\Wbem;C:\Windows\System32\WindowsPowerShell\v1.0\;c:\Program Files\Microsoft SQL Server\110\Tools\Binn\;c:\Program Files (x86)\Microsoft SQL Server\110\Tools\Binn\ManagementStudio\;c:\Program Files (x86)\Microsoft SQL Server\110\Tools\Binn\;c:\Program Files (x86)\Microsoft SQL Server\110\DTS\Binn\;C:\Program Files (x86)\Windows Kits\8.1\Windows Performance Toolkit\;C:\Program Files\Microsoft SQL Server\120\Tools\Binn\;C:\Program Files (x86)\Microsoft SDKs\TypeScript\1.0\;C:\Program Files (x86)\QuickTime\QTSystem\;C:\Program Files (x86)\Skype\Phone\;C:\Eclipse;;."/>
    <property name="java.specification.name" value="Java Platform API Specification"/>
    <property name="java.class.version" value="52.0"/>
    <property name="sun.management.compiler" value="HotSpot 64-Bit Tiered Compilers"/>
    <property name="os.version" value="6.1"/>
    <property name="user.home" value="C:\Users\Owner"/>
    <property name="user.timezone" value="Europe/London"/>
    <property name="java.awt.printerjob" value="sun.awt.windows.WPrinterJob"/>
    <property name="java.specification.version" value="1.8"/>
    <property name="file.encoding" value="Cp1252"/>
    <property name="user.name" value="Owner"/>
    <property name="java.class.path" value="/C:/Eclipse/plugins/org.eclipse.m2e.maven.runtime_1.5.2.20150413-2214/jars/plexus-classworlds-2.5.1.jar"/>
    <property name="org.slf4j.simpleLogger.defaultLogLevel" value="info"/>
    <property name="java.vm.specification.version" value="1.8"/>
    <property name="sun.arch.data.model" value="64"/>
    <property name="java.home" value="C:\Program Files\Java\jdk1.8.0_45\jre"/>
    <property name="sun.java.command" value="org.codehaus.plexus.classworlds.launcher.Launcher -B test"/>
    <property name="java.specification.vendor" value="Oracle Corporation"/>
    <property name="user.language" value="en"/>
    <property name="awt.toolkit" value="sun.awt.windows.WToolkit"/>
    <property name="java.vm.info" value="mixed mode"/>
    <property name="java.version" value="1.8.0_45"/>
    <property name="java.ext.dirs" value="C:\Program Files\Java\jdk1.8.0_45\jre\lib\ext;C:\Windows\Sun\Java\lib\ext"/>
    <property name="sun.boot.class.path" value="C:\Program Files\Java\jdk1.8.0_45\jre\lib\resources.jar;C:\Program Files\Java\jdk1.8.0_45\jre\lib\rt.jar;C:\Program Files\Java\jdk1.8.0_45\jre\lib\sunrsasign.jar;C:\Program Files\Java\jdk1.8.0_45\jre\lib\jsse.jar;C:\Program Files\Java\jdk1.8.0_45\jre\lib\jce.jar;C:\Program Files\Java\jdk1.8.0_45\jre\lib\charsets.jar;C:\Program Files\Java\jdk1.8.0_45\jre\lib\jfr.jar;C:\Program Files\Java\jdk1.8.0_45\jre\classes"/>
    <property name="java.vendor" value="Oracle Corporation"/>
    <property name="maven.home" value="C:\UnipupilWorkspace\UniMavenTests\EMBEDDED"/>
    <property name="file.separator" value="\"/>
    <property name="java.vendor.url.bug" value="http://bugreport.sun.com/bugreport/"/>
    <property name="sun.cpu.endian" value="little"/>
    <property name="sun.io.unicode.encoding" value="UnicodeLittle"/>
    <property name="sun.desktop" value="windows"/>
    <property name="sun.cpu.isalist" value="amd64"/>
  </properties>
  <testcase classname="Unipupil.UniMavenTests.BuyCourseAdditionalFeesFirefoxTest" name="goToHomepage" time="14.927"/>
  <testcase classname="Unipupil.UniMavenTests.BuyCourseAdditionalFeesFirefoxTest" name="institutionLogin" time="6.785"/>
  <testcase classname="Unipupil.UniMavenTests.BuyCourseAdditionalFeesFirefoxTest" name="enterInstitutionLoginDetails" time="10.336"/>
  <testcase classname="Unipupil.UniMavenTests.BuyCourseAdditionalFeesFirefoxTest" name="getCourseList" time="12.724"/>
  <testcase classname="Unipupil.UniMavenTests.BuyCourseAdditionalFeesFirefoxTest" name="goToCourseEditPage" time="10.257"/>
  <testcase classname="Unipupil.UniMavenTests.BuyCourseAdditionalFeesFirefoxTest" name="getCourseFees" time="1.851"/>
  <testcase classname="Unipupil.UniMavenTests.BuyCourseAdditionalFeesFirefoxTest" name="institutionLogout" time="8.087"/>
  <testcase classname="Unipupil.UniMavenTests.BuyCourseAdditionalFeesFirefoxTest" name="studentLogin" time="6.491"/>
  <testcase classname="Unipupil.UniMavenTests.BuyCourseAdditionalFeesFirefoxTest" name="enterStudentLoginDetails" time="11.732"/>
  <testcase classname="Unipupil.UniMavenTests.BuyCourseAdditionalFeesFirefoxTest" name="findInstitution" time="18.94"/>
  <testcase classname="Unipupil.UniMavenTests.BuyCourseAdditionalFeesFirefoxTest" name="selectInstitution" time="16.005"/>
  <testcase classname="Unipupil.UniMavenTests.BuyCourseAdditionalFeesFirefoxTest" name="selectCourse" time="17.689"/>
  <testcase classname="Unipupil.UniMavenTests.BuyCourseAdditionalFeesFirefoxTest" name="addCourseToCart" time="33.383"/>
  <testcase classname="Unipupil.UniMavenTests.BuyCourseAdditionalFeesFirefoxTest" name="cartProductName" time="1.77"/>
  <testcase classname="Unipupil.UniMavenTests.BuyCourseAdditionalFeesFirefoxTest" name="cartAdditionalFeesTitle" time="0"/>
  <testcase classname="Unipupil.UniMavenTests.BuyCourseAdditionalFeesFirefoxTest" name="cartProductUnitPrice" time="0"/>
  <testcase classname="Unipupil.UniMavenTests.BuyCourseAdditionalFeesFirefoxTest" name="cartLinePrice" time="0.001"/>
  <testcase classname="Unipupil.UniMavenTests.BuyCourseAdditionalFeesFirefoxTest" name="cartAdditionalFees" time="0"/>
  <testcase classname="Unipupil.UniMavenTests.BuyCourseAdditionalFeesFirefoxTest" name="checkCartSubTotalAgainstGrossFees" time="0.002"/>
  <testcase classname="Unipupil.UniMavenTests.BuyCourseAdditionalFeesFirefoxTest" name="checkAggregateFeesEqualCartSubtotal" time="0"/>
  <testcase classname="Unipupil.UniMavenTests.BuyCourseAdditionalFeesFirefoxTest" name="goToCheckout" time="7.887"/>
  <testcase classname="Unipupil.UniMavenTests.BuyCourseAdditionalFeesFirefoxTest" name="checkoutLineProductName" time="1.785"/>
  <testcase classname="Unipupil.UniMavenTests.BuyCourseAdditionalFeesFirefoxTest" name="checkoutAdditionalFeesTitle" time="0.001"/>
  <testcase classname="Unipupil.UniMavenTests.BuyCourseAdditionalFeesFirefoxTest" name="checkoutInstitutionTitle" time="0.063"/>
  <testcase classname="Unipupil.UniMavenTests.BuyCourseAdditionalFeesFirefoxTest" name="checkoutProductUnitPrice" time="0.104"/>
  <testcase classname="Unipupil.UniMavenTests.BuyCourseAdditionalFeesFirefoxTest" name="checkoutLinePrice" time="0.033"/>
  <testcase classname="Unipupil.UniMavenTests.BuyCourseAdditionalFeesFirefoxTest" name="checkoutAdditionalFees" time="0"/>
  <testcase classname="Unipupil.UniMavenTests.BuyCourseAdditionalFeesFirefoxTest" name="checkoutTotal" time="0"/>
  <testcase classname="Unipupil.UniMavenTests.BuyCourseAdditionalFeesFirefoxTest" name="checkAggregateFeesEqualCheckoutTotal" time="0"/>
  <testcase classname="Unipupil.UniMavenTests.BuyCourseAdditionalFeesFirefoxTest" name="enterAddressAndContinue" time="20.846"/>
  <testcase classname="Unipupil.UniMavenTests.BuyCourseAdditionalFeesFirefoxTest" name="reviewOrderHeader" time="1.797"/>
  <testcase classname="Unipupil.UniMavenTests.BuyCourseAdditionalFeesFirefoxTest" name="reviewOrderProductName" time="0.001"/>
  <testcase classname="Unipupil.UniMavenTests.BuyCourseAdditionalFeesFirefoxTest" name="reviewOrderAdditionalFeesTitle" time="0"/>
  <testcase classname="Unipupil.UniMavenTests.BuyCourseAdditionalFeesFirefoxTest" name="reviewOrderInstitutionTitle" time="0.076"/>
  <testcase classname="Unipupil.UniMavenTests.BuyCourseAdditionalFeesFirefoxTest" name="reviewOrderProductUnitPrice" time="0.121"/>
  <testcase classname="Unipupil.UniMavenTests.BuyCourseAdditionalFeesFirefoxTest" name="reviewOrderLinePrice" time="0"/>
  <testcase classname="Unipupil.UniMavenTests.BuyCourseAdditionalFeesFirefoxTest" name="reviewOrderAdditionalFees" time="0"/>
  <testcase classname="Unipupil.UniMavenTests.BuyCourseAdditionalFeesFirefoxTest" name="reviewOrderSubTotal" time="0"/>
  <testcase classname="Unipupil.UniMavenTests.BuyCourseAdditionalFeesFirefoxTest" name="reviewOrderTotal" time="0"/>
  <testcase classname="Unipupil.UniMavenTests.BuyCourseAdditionalFeesFirefoxTest" name="aggregateFeesEqualReviewOrderSubTotal" time="0"/>
  <testcase classname="Unipupil.UniMavenTests.BuyCourseAdditionalFeesFirefoxTest" name="submitOrder" time="13.888"/>
  <testcase classname="Unipupil.UniMavenTests.BuyCourseAdditionalFeesFirefoxTest" name="ppLoginPageSummaryAmount" time="0.139"/>
  <testcase classname="Unipupil.UniMavenTests.BuyCourseAdditionalFeesFirefoxTest" name="ppLoginPageSummaryTotal" time="0.003"/>
  <testcase classname="Unipupil.UniMavenTests.BuyCourseAdditionalFeesFirefoxTest" name="paypalLogin" time="10.817"/>
  <testcase classname="Unipupil.UniMavenTests.BuyCourseAdditionalFeesFirefoxTest" name="ppConfirmPageSummaryAmount" time="0"/>
  <testcase classname="Unipupil.UniMavenTests.BuyCourseAdditionalFeesFirefoxTest" name="ppConfirmPageSummaryTotal" time="0"/>
  <testcase classname="Unipupil.UniMavenTests.BuyCourseAdditionalFeesFirefoxTest" name="ppConfirmPayment" time="26.014"/>
  <testcase classname="Unipupil.UniMavenTests.BuyCourseAdditionalFeesFirefoxTest" name="completeOrderTitle" time="0.392"/>
  <testcase classname="Unipupil.UniMavenTests.BuyCourseAdditionalFeesFirefoxTest" name="completeOrderPageMessage" time="0.001"/>
  <testcase classname="Unipupil.UniMavenTests.BuyCourseAdditionalFeesFirefoxTest" name="paymentOrderHistoryPage" time="6.792"/>
  <testcase classname="Unipupil.UniMavenTests.BuyCourseAdditionalFeesFirefoxTest" name="paymentOrderHistoryHeader" time="1.979"/>
  <testcase classname="Unipupil.UniMavenTests.BuyCourseAdditionalFeesFirefoxTest" name="paymentOrderHistoryProductName" time="0"/>
  <testcase classname="Unipupil.UniMavenTests.BuyCourseAdditionalFeesFirefoxTest" name="paymentOrderHistoryProductDescription" time="0"/>
  <testcase classname="Unipupil.UniMavenTests.BuyCourseAdditionalFeesFirefoxTest" name="paymentOrderHistoryUnitPrice" time="0"/>
  <testcase classname="Unipupil.UniMavenTests.BuyCourseAdditionalFeesFirefoxTest" name="paymentOrderHistoryQuantity" time="0"/>
  <testcase classname="Unipupil.UniMavenTests.BuyCourseAdditionalFeesFirefoxTest" name="paymentOrderHistoryLinePrice" time="0"/>
  <testcase classname="Unipupil.UniMavenTests.BuyCourseAdditionalFeesFirefoxTest" name="paymentOrderHistoryAdditionalFees" time="0"/>
  <testcase classname="Unipupil.UniMavenTests.BuyCourseAdditionalFeesFirefoxTest" name="paymentOrderHistoryTotal" time="0"/>
  <testcase classname="Unipupil.UniMavenTests.BuyCourseAdditionalFeesFirefoxTest" name="checkAggregateFeesEqualPaymentOrderHistoryTotal" time="0"/>
  <testcase classname="Unipupil.UniMavenTests.BuyCourseAdditionalFeesFirefoxTest" name="goToStudentAccount" time="10.179"/>
  <testcase classname="Unipupil.UniMavenTests.BuyCourseAdditionalFeesFirefoxTest" name="studentAccountCourseName" time="2.917"/>
  <testcase classname="Unipupil.UniMavenTests.BuyCourseAdditionalFeesFirefoxTest" name="studentAccountStartDate" time="0"/>
  <testcase classname="Unipupil.UniMavenTests.BuyCourseAdditionalFeesFirefoxTest" name="studentAccountFinishDate" time="0"/>
  <testcase classname="Unipupil.UniMavenTests.BuyCourseAdditionalFeesFirefoxTest" name="studentAccountCoursePrice" time="0"/>
  <testcase classname="Unipupil.UniMavenTests.BuyCourseAdditionalFeesFirefoxTest" name="studentAccountAdditionalFeeName" time="0"/>
  <testcase classname="Unipupil.UniMavenTests.BuyCourseAdditionalFeesFirefoxTest" name="studentAccountAdditionalFee" time="0"/>
  <testcase classname="Unipupil.UniMavenTests.BuyCourseAdditionalFeesFirefoxTest" name="studentAccountAdditionalFeeTotal" time="0"/>
  <testcase classname="Unipupil.UniMavenTests.BuyCourseAdditionalFeesFirefoxTest" name="adminLogin" time="28.329"/>
  <testcase classname="Unipupil.UniMavenTests.BuyCourseAdditionalFeesFirefoxTest" name="getCommissionPercentages" time="4.245"/>
  <testcase classname="Unipupil.UniMavenTests.BuyCourseAdditionalFeesFirefoxTest" name="agentLogin" time="32.924"/>
  <testcase classname="Unipupil.UniMavenTests.BuyCourseAdditionalFeesFirefoxTest" name="displayedTotalCommissionPercent" time="0.004">
    <failure type="java.lang.NullPointerException">java.lang.NullPointerException
	at Unipupil.UniMavenTests.BuyCourseAdditionalFeesFirefoxTest.displayedTotalCommissionPercent(BuyCourseAdditionalFeesFirefoxTest.java:889)
</failure>
    <system-out>BuyCourseAdditionalFeesFirefoxTest: Test Method 70 &apos;displayedTotalCommissionPercent&apos; running
</system-out>
  </testcase>
  <testcase classname="Unipupil.UniMavenTests.BuyCourseAdditionalFeesFirefoxTest" name="displayedAgentCommissionPercent" time="0.005">
    <skipped/>
  </testcase>
  <testcase classname="Unipupil.UniMavenTests.BuyCourseAdditionalFeesFirefoxTest" name="agentCommission" time="0.005">
    <skipped/>
  </testcase>
  <testcase classname="Unipupil.UniMavenTests.BuyCourseAdditionalFeesFirefoxTest" name="totalPaid" time="0.005">
    <skipped/>
  </testcase>
</testsuite>